# Logfile created on 2014-01-13 16:34:26 -0800 by logger.rb/44203
I, [2014-01-13T16:34:26.794910 #30363]  INFO -- : 0:  rake (10.1.1) from /Users/elliotec/.rvm/gems/ruby-2.1.0/specifications/rake-10.1.1.gemspec
I, [2014-01-13T16:34:26.795204 #30363]  INFO -- : 0:  i18n (0.6.9) from /Users/elliotec/.rvm/gems/ruby-2.1.0/specifications/i18n-0.6.9.gemspec
I, [2014-01-13T16:34:26.795420 #30363]  INFO -- : 0:  minitest (4.7.5) from /Users/elliotec/.rvm/rubies/ruby-2.1.0/lib/ruby/gems/2.1.0/specifications/default/minitest-4.7.5.gemspec
I, [2014-01-13T16:34:26.795635 #30363]  INFO -- : 0:  multi_json (1.8.4) from /Users/elliotec/.rvm/gems/ruby-2.1.0/specifications/multi_json-1.8.4.gemspec
I, [2014-01-13T16:34:26.795849 #30363]  INFO -- : 0:  atomic (1.1.14) from /Users/elliotec/.rvm/gems/ruby-2.1.0/specifications/atomic-1.1.14.gemspec
I, [2014-01-13T16:34:26.796055 #30363]  INFO -- : 0:  thread_safe (0.1.3) from /Users/elliotec/.rvm/gems/ruby-2.1.0/specifications/thread_safe-0.1.3.gemspec
I, [2014-01-13T16:34:26.796275 #30363]  INFO -- : 0:  tzinfo (0.3.38) from /Users/elliotec/.rvm/gems/ruby-2.1.0/specifications/tzinfo-0.3.38.gemspec
I, [2014-01-13T16:34:26.796490 #30363]  INFO -- : 0:  activesupport (4.0.2) from /Users/elliotec/.rvm/gems/ruby-2.1.0/specifications/activesupport-4.0.2.gemspec
I, [2014-01-13T16:34:26.796701 #30363]  INFO -- : 0:  builder (3.1.4) from /Users/elliotec/.rvm/gems/ruby-2.1.0/specifications/builder-3.1.4.gemspec
I, [2014-01-13T16:34:26.796910 #30363]  INFO -- : 0:  erubis (2.7.0) from /Users/elliotec/.rvm/gems/ruby-2.1.0/specifications/erubis-2.7.0.gemspec
I, [2014-01-13T16:34:26.797123 #30363]  INFO -- : 0:  rack (1.5.2) from /Users/elliotec/.rvm/gems/ruby-2.1.0/specifications/rack-1.5.2.gemspec
I, [2014-01-13T16:34:26.797338 #30363]  INFO -- : 0:  rack-test (0.6.2) from /Users/elliotec/.rvm/gems/ruby-2.1.0/specifications/rack-test-0.6.2.gemspec
I, [2014-01-13T16:34:26.797560 #30363]  INFO -- : 0:  actionpack (4.0.2) from /Users/elliotec/.rvm/gems/ruby-2.1.0/specifications/actionpack-4.0.2.gemspec
I, [2014-01-13T16:34:26.797783 #30363]  INFO -- : 0:  mime-types (1.25.1) from /Users/elliotec/.rvm/gems/ruby-2.1.0/specifications/mime-types-1.25.1.gemspec
I, [2014-01-13T16:34:26.797986 #30363]  INFO -- : 0:  polyglot (0.3.3) from /Users/elliotec/.rvm/gems/ruby-2.1.0/specifications/polyglot-0.3.3.gemspec
I, [2014-01-13T16:34:26.798195 #30363]  INFO -- : 0:  treetop (1.4.15) from /Users/elliotec/.rvm/gems/ruby-2.1.0/specifications/treetop-1.4.15.gemspec
I, [2014-01-13T16:34:26.798404 #30363]  INFO -- : 0:  mail (2.5.4) from /Users/elliotec/.rvm/gems/ruby-2.1.0/specifications/mail-2.5.4.gemspec
I, [2014-01-13T16:34:26.798615 #30363]  INFO -- : 0:  actionmailer (4.0.2) from /Users/elliotec/.rvm/gems/ruby-2.1.0/specifications/actionmailer-4.0.2.gemspec
I, [2014-01-13T16:34:26.798814 #30363]  INFO -- : 0:  activemodel (4.0.2) from /Users/elliotec/.rvm/gems/ruby-2.1.0/specifications/activemodel-4.0.2.gemspec
I, [2014-01-13T16:34:26.799027 #30363]  INFO -- : 0:  activerecord-deprecated_finders (1.0.3) from /Users/elliotec/.rvm/gems/ruby-2.1.0/specifications/activerecord-deprecated_finders-1.0.3.gemspec
I, [2014-01-13T16:34:26.799255 #30363]  INFO -- : 0:  arel (4.0.1) from /Users/elliotec/.rvm/gems/ruby-2.1.0/specifications/arel-4.0.1.gemspec
I, [2014-01-13T16:34:26.799506 #30363]  INFO -- : 0:  activerecord (4.0.2) from /Users/elliotec/.rvm/gems/ruby-2.1.0/specifications/activerecord-4.0.2.gemspec
I, [2014-01-13T16:34:26.799737 #30363]  INFO -- : 0:  coffee-script-source (1.6.3) from /Users/elliotec/.rvm/gems/ruby-2.1.0/specifications/coffee-script-source-1.6.3.gemspec
I, [2014-01-13T16:34:26.799960 #30363]  INFO -- : 0:  execjs (2.0.2) from /Users/elliotec/.rvm/gems/ruby-2.1.0/specifications/execjs-2.0.2.gemspec
I, [2014-01-13T16:34:26.800204 #30363]  INFO -- : 0:  coffee-script (2.2.0) from /Users/elliotec/.rvm/gems/ruby-2.1.0/specifications/coffee-script-2.2.0.gemspec
I, [2014-01-13T16:34:26.800426 #30363]  INFO -- : 0:  thor (0.18.1) from /Users/elliotec/.rvm/gems/ruby-2.1.0/specifications/thor-0.18.1.gemspec
I, [2014-01-13T16:34:26.800648 #30363]  INFO -- : 0:  railties (4.0.2) from /Users/elliotec/.rvm/gems/ruby-2.1.0/specifications/railties-4.0.2.gemspec
I, [2014-01-13T16:34:26.800862 #30363]  INFO -- : 0:  coffee-rails (4.0.1) from /Users/elliotec/.rvm/gems/ruby-2.1.0/specifications/coffee-rails-4.0.1.gemspec
I, [2014-01-13T16:34:26.801075 #30363]  INFO -- : 0:  hike (1.2.3) from /Users/elliotec/.rvm/gems/ruby-2.1.0/specifications/hike-1.2.3.gemspec
I, [2014-01-13T16:34:26.801284 #30363]  INFO -- : 0:  jbuilder (1.5.3) from /Users/elliotec/.rvm/gems/ruby-2.1.0/specifications/jbuilder-1.5.3.gemspec
I, [2014-01-13T16:34:26.801484 #30363]  INFO -- : 0:  jquery-rails (3.0.4) from /Users/elliotec/.rvm/gems/ruby-2.1.0/specifications/jquery-rails-3.0.4.gemspec
I, [2014-01-13T16:34:26.801685 #30363]  INFO -- : 0:  json (1.8.1) from /Users/elliotec/.rvm/rubies/ruby-2.1.0/lib/ruby/gems/2.1.0/specifications/default/json-1.8.1.gemspec
I, [2014-01-13T16:34:26.801884 #30363]  INFO -- : 0:  bundler (1.5.1) from /Users/elliotec/.rvm/gems/ruby-2.1.0@global/specifications/bundler-1.5.1.gemspec
I, [2014-01-13T16:34:26.802093 #30363]  INFO -- : 0:  tilt (1.4.1) from /Users/elliotec/.rvm/gems/ruby-2.1.0/specifications/tilt-1.4.1.gemspec
I, [2014-01-13T16:34:26.802294 #30363]  INFO -- : 0:  sprockets (2.10.1) from /Users/elliotec/.rvm/gems/ruby-2.1.0/specifications/sprockets-2.10.1.gemspec
I, [2014-01-13T16:34:26.802502 #30363]  INFO -- : 0:  sprockets-rails (2.0.1) from /Users/elliotec/.rvm/gems/ruby-2.1.0/specifications/sprockets-rails-2.0.1.gemspec
I, [2014-01-13T16:34:26.802700 #30363]  INFO -- : 0:  rails (4.0.2) from /Users/elliotec/.rvm/gems/ruby-2.1.0/specifications/rails-4.0.2.gemspec
I, [2014-01-13T16:34:26.802910 #30363]  INFO -- : 0:  rdoc (4.1.1) from /Users/elliotec/.rvm/gems/ruby-2.1.0/specifications/rdoc-4.1.1.gemspec
I, [2014-01-13T16:34:26.803123 #30363]  INFO -- : 0:  sass (3.2.13) from /Users/elliotec/.rvm/gems/ruby-2.1.0/specifications/sass-3.2.13.gemspec
I, [2014-01-13T16:34:26.803339 #30363]  INFO -- : 0:  sass-rails (4.0.1) from /Users/elliotec/.rvm/gems/ruby-2.1.0/specifications/sass-rails-4.0.1.gemspec
I, [2014-01-13T16:34:26.803541 #30363]  INFO -- : 0:  sdoc (0.4.0) from /Users/elliotec/.rvm/gems/ruby-2.1.0/specifications/sdoc-0.4.0.gemspec
I, [2014-01-13T16:34:26.803738 #30363]  INFO -- : 0:  sqlite3 (1.3.8) from /Users/elliotec/.rvm/gems/ruby-2.1.0/specifications/sqlite3-1.3.8.gemspec
I, [2014-01-13T16:34:26.803953 #30363]  INFO -- : 0:  turbolinks (2.2.0) from /Users/elliotec/.rvm/gems/ruby-2.1.0/specifications/turbolinks-2.2.0.gemspec
I, [2014-01-13T16:34:26.804181 #30363]  INFO -- : 0:  uglifier (2.4.0) from /Users/elliotec/.rvm/gems/ruby-2.1.0/specifications/uglifier-2.4.0.gemspec
I, [2014-01-13T16:35:13.367168 #30374]  INFO -- : 0:  rake (10.1.1) from /Users/elliotec/.rvm/gems/ruby-2.1.0/specifications/rake-10.1.1.gemspec
I, [2014-01-13T16:35:13.367463 #30374]  INFO -- : 0:  i18n (0.6.9) from /Users/elliotec/.rvm/gems/ruby-2.1.0/specifications/i18n-0.6.9.gemspec
I, [2014-01-13T16:35:13.367682 #30374]  INFO -- : 0:  minitest (4.7.5) from /Users/elliotec/.rvm/rubies/ruby-2.1.0/lib/ruby/gems/2.1.0/specifications/default/minitest-4.7.5.gemspec
I, [2014-01-13T16:35:13.367904 #30374]  INFO -- : 0:  multi_json (1.8.4) from /Users/elliotec/.rvm/gems/ruby-2.1.0/specifications/multi_json-1.8.4.gemspec
I, [2014-01-13T16:35:13.368116 #30374]  INFO -- : 0:  atomic (1.1.14) from /Users/elliotec/.rvm/gems/ruby-2.1.0/specifications/atomic-1.1.14.gemspec
I, [2014-01-13T16:35:13.368319 #30374]  INFO -- : 0:  thread_safe (0.1.3) from /Users/elliotec/.rvm/gems/ruby-2.1.0/specifications/thread_safe-0.1.3.gemspec
I, [2014-01-13T16:35:13.368537 #30374]  INFO -- : 0:  tzinfo (0.3.38) from /Users/elliotec/.rvm/gems/ruby-2.1.0/specifications/tzinfo-0.3.38.gemspec
I, [2014-01-13T16:35:13.368755 #30374]  INFO -- : 0:  activesupport (4.0.2) from /Users/elliotec/.rvm/gems/ruby-2.1.0/specifications/activesupport-4.0.2.gemspec
I, [2014-01-13T16:35:13.368964 #30374]  INFO -- : 0:  builder (3.1.4) from /Users/elliotec/.rvm/gems/ruby-2.1.0/specifications/builder-3.1.4.gemspec
I, [2014-01-13T16:35:13.369231 #30374]  INFO -- : 0:  erubis (2.7.0) from /Users/elliotec/.rvm/gems/ruby-2.1.0/specifications/erubis-2.7.0.gemspec
I, [2014-01-13T16:35:13.369475 #30374]  INFO -- : 0:  rack (1.5.2) from /Users/elliotec/.rvm/gems/ruby-2.1.0/specifications/rack-1.5.2.gemspec
I, [2014-01-13T16:35:13.369728 #30374]  INFO -- : 0:  rack-test (0.6.2) from /Users/elliotec/.rvm/gems/ruby-2.1.0/specifications/rack-test-0.6.2.gemspec
I, [2014-01-13T16:35:13.369977 #30374]  INFO -- : 0:  actionpack (4.0.2) from /Users/elliotec/.rvm/gems/ruby-2.1.0/specifications/actionpack-4.0.2.gemspec
I, [2014-01-13T16:35:13.370231 #30374]  INFO -- : 0:  mime-types (1.25.1) from /Users/elliotec/.rvm/gems/ruby-2.1.0/specifications/mime-types-1.25.1.gemspec
I, [2014-01-13T16:35:13.370473 #30374]  INFO -- : 0:  polyglot (0.3.3) from /Users/elliotec/.rvm/gems/ruby-2.1.0/specifications/polyglot-0.3.3.gemspec
I, [2014-01-13T16:35:13.370717 #30374]  INFO -- : 0:  treetop (1.4.15) from /Users/elliotec/.rvm/gems/ruby-2.1.0/specifications/treetop-1.4.15.gemspec
I, [2014-01-13T16:35:13.370965 #30374]  INFO -- : 0:  mail (2.5.4) from /Users/elliotec/.rvm/gems/ruby-2.1.0/specifications/mail-2.5.4.gemspec
I, [2014-01-13T16:35:13.371196 #30374]  INFO -- : 0:  actionmailer (4.0.2) from /Users/elliotec/.rvm/gems/ruby-2.1.0/specifications/actionmailer-4.0.2.gemspec
I, [2014-01-13T16:35:13.371436 #30374]  INFO -- : 0:  activemodel (4.0.2) from /Users/elliotec/.rvm/gems/ruby-2.1.0/specifications/activemodel-4.0.2.gemspec
I, [2014-01-13T16:35:13.371684 #30374]  INFO -- : 0:  activerecord-deprecated_finders (1.0.3) from /Users/elliotec/.rvm/gems/ruby-2.1.0/specifications/activerecord-deprecated_finders-1.0.3.gemspec
I, [2014-01-13T16:35:13.371944 #30374]  INFO -- : 0:  arel (4.0.1) from /Users/elliotec/.rvm/gems/ruby-2.1.0/specifications/arel-4.0.1.gemspec
I, [2014-01-13T16:35:13.372229 #30374]  INFO -- : 0:  activerecord (4.0.2) from /Users/elliotec/.rvm/gems/ruby-2.1.0/specifications/activerecord-4.0.2.gemspec
I, [2014-01-13T16:35:13.372494 #30374]  INFO -- : 0:  coffee-script-source (1.6.3) from /Users/elliotec/.rvm/gems/ruby-2.1.0/specifications/coffee-script-source-1.6.3.gemspec
I, [2014-01-13T16:35:13.372754 #30374]  INFO -- : 0:  execjs (2.0.2) from /Users/elliotec/.rvm/gems/ruby-2.1.0/specifications/execjs-2.0.2.gemspec
I, [2014-01-13T16:35:13.373031 #30374]  INFO -- : 0:  coffee-script (2.2.0) from /Users/elliotec/.rvm/gems/ruby-2.1.0/specifications/coffee-script-2.2.0.gemspec
I, [2014-01-13T16:35:13.373286 #30374]  INFO -- : 0:  thor (0.18.1) from /Users/elliotec/.rvm/gems/ruby-2.1.0/specifications/thor-0.18.1.gemspec
I, [2014-01-13T16:35:13.373559 #30374]  INFO -- : 0:  railties (4.0.2) from /Users/elliotec/.rvm/gems/ruby-2.1.0/specifications/railties-4.0.2.gemspec
I, [2014-01-13T16:35:13.373808 #30374]  INFO -- : 0:  coffee-rails (4.0.1) from /Users/elliotec/.rvm/gems/ruby-2.1.0/specifications/coffee-rails-4.0.1.gemspec
I, [2014-01-13T16:35:13.374055 #30374]  INFO -- : 0:  hike (1.2.3) from /Users/elliotec/.rvm/gems/ruby-2.1.0/specifications/hike-1.2.3.gemspec
I, [2014-01-13T16:35:13.374297 #30374]  INFO -- : 0:  jbuilder (1.5.3) from /Users/elliotec/.rvm/gems/ruby-2.1.0/specifications/jbuilder-1.5.3.gemspec
I, [2014-01-13T16:35:13.374533 #30374]  INFO -- : 0:  jquery-rails (3.0.4) from /Users/elliotec/.rvm/gems/ruby-2.1.0/specifications/jquery-rails-3.0.4.gemspec
I, [2014-01-13T16:35:13.374771 #30374]  INFO -- : 0:  json (1.8.1) from /Users/elliotec/.rvm/rubies/ruby-2.1.0/lib/ruby/gems/2.1.0/specifications/default/json-1.8.1.gemspec
I, [2014-01-13T16:35:13.375006 #30374]  INFO -- : 0:  bundler (1.5.1) from /Users/elliotec/.rvm/gems/ruby-2.1.0@global/specifications/bundler-1.5.1.gemspec
I, [2014-01-13T16:35:13.375253 #30374]  INFO -- : 0:  tilt (1.4.1) from /Users/elliotec/.rvm/gems/ruby-2.1.0/specifications/tilt-1.4.1.gemspec
I, [2014-01-13T16:35:13.375490 #30374]  INFO -- : 0:  sprockets (2.10.1) from /Users/elliotec/.rvm/gems/ruby-2.1.0/specifications/sprockets-2.10.1.gemspec
I, [2014-01-13T16:35:13.375735 #30374]  INFO -- : 0:  sprockets-rails (2.0.1) from /Users/elliotec/.rvm/gems/ruby-2.1.0/specifications/sprockets-rails-2.0.1.gemspec
I, [2014-01-13T16:35:13.375978 #30374]  INFO -- : 0:  rails (4.0.2) from /Users/elliotec/.rvm/gems/ruby-2.1.0/specifications/rails-4.0.2.gemspec
I, [2014-01-13T16:35:13.376229 #30374]  INFO -- : 0:  rdoc (4.1.1) from /Users/elliotec/.rvm/gems/ruby-2.1.0/specifications/rdoc-4.1.1.gemspec
I, [2014-01-13T16:35:13.376468 #30374]  INFO -- : 0:  sass (3.2.13) from /Users/elliotec/.rvm/gems/ruby-2.1.0/specifications/sass-3.2.13.gemspec
I, [2014-01-13T16:35:13.376734 #30374]  INFO -- : 0:  sass-rails (4.0.1) from /Users/elliotec/.rvm/gems/ruby-2.1.0/specifications/sass-rails-4.0.1.gemspec
I, [2014-01-13T16:35:13.376973 #30374]  INFO -- : 0:  sdoc (0.4.0) from /Users/elliotec/.rvm/gems/ruby-2.1.0/specifications/sdoc-0.4.0.gemspec
I, [2014-01-13T16:35:13.377208 #30374]  INFO -- : 0:  sqlite3 (1.3.8) from /Users/elliotec/.rvm/gems/ruby-2.1.0/specifications/sqlite3-1.3.8.gemspec
I, [2014-01-13T16:35:13.377463 #30374]  INFO -- : 0:  turbolinks (2.2.0) from /Users/elliotec/.rvm/gems/ruby-2.1.0/specifications/turbolinks-2.2.0.gemspec
I, [2014-01-13T16:35:13.377730 #30374]  INFO -- : 0:  uglifier (2.4.0) from /Users/elliotec/.rvm/gems/ruby-2.1.0/specifications/uglifier-2.4.0.gemspec
I, [2014-01-13T16:36:33.988673 #30388]  INFO -- : 0:  rake (10.1.1) from /Users/elliotec/.rvm/gems/ruby-2.1.0/specifications/rake-10.1.1.gemspec
I, [2014-01-13T16:36:33.988994 #30388]  INFO -- : 0:  i18n (0.6.9) from /Users/elliotec/.rvm/gems/ruby-2.1.0/specifications/i18n-0.6.9.gemspec
I, [2014-01-13T16:36:33.989239 #30388]  INFO -- : 0:  minitest (4.7.5) from /Users/elliotec/.rvm/rubies/ruby-2.1.0/lib/ruby/gems/2.1.0/specifications/default/minitest-4.7.5.gemspec
I, [2014-01-13T16:36:33.989474 #30388]  INFO -- : 0:  multi_json (1.8.4) from /Users/elliotec/.rvm/gems/ruby-2.1.0/specifications/multi_json-1.8.4.gemspec
I, [2014-01-13T16:36:33.989700 #30388]  INFO -- : 0:  atomic (1.1.14) from /Users/elliotec/.rvm/gems/ruby-2.1.0/specifications/atomic-1.1.14.gemspec
I, [2014-01-13T16:36:33.989920 #30388]  INFO -- : 0:  thread_safe (0.1.3) from /Users/elliotec/.rvm/gems/ruby-2.1.0/specifications/thread_safe-0.1.3.gemspec
I, [2014-01-13T16:36:33.990139 #30388]  INFO -- : 0:  tzinfo (0.3.38) from /Users/elliotec/.rvm/gems/ruby-2.1.0/specifications/tzinfo-0.3.38.gemspec
I, [2014-01-13T16:36:33.990367 #30388]  INFO -- : 0:  activesupport (4.0.2) from /Users/elliotec/.rvm/gems/ruby-2.1.0/specifications/activesupport-4.0.2.gemspec
I, [2014-01-13T16:36:33.990587 #30388]  INFO -- : 0:  builder (3.1.4) from /Users/elliotec/.rvm/gems/ruby-2.1.0/specifications/builder-3.1.4.gemspec
I, [2014-01-13T16:36:33.990807 #30388]  INFO -- : 0:  erubis (2.7.0) from /Users/elliotec/.rvm/gems/ruby-2.1.0/specifications/erubis-2.7.0.gemspec
I, [2014-01-13T16:36:33.991024 #30388]  INFO -- : 0:  rack (1.5.2) from /Users/elliotec/.rvm/gems/ruby-2.1.0/specifications/rack-1.5.2.gemspec
I, [2014-01-13T16:36:33.991243 #30388]  INFO -- : 0:  rack-test (0.6.2) from /Users/elliotec/.rvm/gems/ruby-2.1.0/specifications/rack-test-0.6.2.gemspec
I, [2014-01-13T16:36:33.991462 #30388]  INFO -- : 0:  actionpack (4.0.2) from /Users/elliotec/.rvm/gems/ruby-2.1.0/specifications/actionpack-4.0.2.gemspec
I, [2014-01-13T16:36:33.991685 #30388]  INFO -- : 0:  mime-types (1.25.1) from /Users/elliotec/.rvm/gems/ruby-2.1.0/specifications/mime-types-1.25.1.gemspec
I, [2014-01-13T16:36:33.991896 #30388]  INFO -- : 0:  polyglot (0.3.3) from /Users/elliotec/.rvm/gems/ruby-2.1.0/specifications/polyglot-0.3.3.gemspec
I, [2014-01-13T16:36:33.992112 #30388]  INFO -- : 0:  treetop (1.4.15) from /Users/elliotec/.rvm/gems/ruby-2.1.0/specifications/treetop-1.4.15.gemspec
I, [2014-01-13T16:36:33.992328 #30388]  INFO -- : 0:  mail (2.5.4) from /Users/elliotec/.rvm/gems/ruby-2.1.0/specifications/mail-2.5.4.gemspec
I, [2014-01-13T16:36:33.992576 #30388]  INFO -- : 0:  actionmailer (4.0.2) from /Users/elliotec/.rvm/gems/ruby-2.1.0/specifications/actionmailer-4.0.2.gemspec
I, [2014-01-13T16:36:33.992777 #30388]  INFO -- : 0:  activemodel (4.0.2) from /Users/elliotec/.rvm/gems/ruby-2.1.0/specifications/activemodel-4.0.2.gemspec
I, [2014-01-13T16:36:33.993010 #30388]  INFO -- : 0:  activerecord-deprecated_finders (1.0.3) from /Users/elliotec/.rvm/gems/ruby-2.1.0/specifications/activerecord-deprecated_finders-1.0.3.gemspec
I, [2014-01-13T16:36:33.993241 #30388]  INFO -- : 0:  arel (4.0.1) from /Users/elliotec/.rvm/gems/ruby-2.1.0/specifications/arel-4.0.1.gemspec
I, [2014-01-13T16:36:33.993499 #30388]  INFO -- : 0:  activerecord (4.0.2) from /Users/elliotec/.rvm/gems/ruby-2.1.0/specifications/activerecord-4.0.2.gemspec
I, [2014-01-13T16:36:33.993733 #30388]  INFO -- : 0:  coffee-script-source (1.6.3) from /Users/elliotec/.rvm/gems/ruby-2.1.0/specifications/coffee-script-source-1.6.3.gemspec
I, [2014-01-13T16:36:33.993959 #30388]  INFO -- : 0:  execjs (2.0.2) from /Users/elliotec/.rvm/gems/ruby-2.1.0/specifications/execjs-2.0.2.gemspec
I, [2014-01-13T16:36:33.994208 #30388]  INFO -- : 0:  coffee-script (2.2.0) from /Users/elliotec/.rvm/gems/ruby-2.1.0/specifications/coffee-script-2.2.0.gemspec
I, [2014-01-13T16:36:33.994435 #30388]  INFO -- : 0:  thor (0.18.1) from /Users/elliotec/.rvm/gems/ruby-2.1.0/specifications/thor-0.18.1.gemspec
I, [2014-01-13T16:36:33.994650 #30388]  INFO -- : 0:  railties (4.0.2) from /Users/elliotec/.rvm/gems/ruby-2.1.0/specifications/railties-4.0.2.gemspec
I, [2014-01-13T16:36:33.994867 #30388]  INFO -- : 0:  coffee-rails (4.0.1) from /Users/elliotec/.rvm/gems/ruby-2.1.0/specifications/coffee-rails-4.0.1.gemspec
I, [2014-01-13T16:36:33.995083 #30388]  INFO -- : 0:  hike (1.2.3) from /Users/elliotec/.rvm/gems/ruby-2.1.0/specifications/hike-1.2.3.gemspec
I, [2014-01-13T16:36:33.995296 #30388]  INFO -- : 0:  jbuilder (1.5.3) from /Users/elliotec/.rvm/gems/ruby-2.1.0/specifications/jbuilder-1.5.3.gemspec
I, [2014-01-13T16:36:33.995502 #30388]  INFO -- : 0:  jquery-rails (3.0.4) from /Users/elliotec/.rvm/gems/ruby-2.1.0/specifications/jquery-rails-3.0.4.gemspec
I, [2014-01-13T16:36:33.995708 #30388]  INFO -- : 0:  json (1.8.1) from /Users/elliotec/.rvm/rubies/ruby-2.1.0/lib/ruby/gems/2.1.0/specifications/default/json-1.8.1.gemspec
I, [2014-01-13T16:36:33.995908 #30388]  INFO -- : 0:  bundler (1.5.1) from /Users/elliotec/.rvm/gems/ruby-2.1.0@global/specifications/bundler-1.5.1.gemspec
I, [2014-01-13T16:36:33.996121 #30388]  INFO -- : 0:  tilt (1.4.1) from /Users/elliotec/.rvm/gems/ruby-2.1.0/specifications/tilt-1.4.1.gemspec
I, [2014-01-13T16:36:33.996326 #30388]  INFO -- : 0:  sprockets (2.10.1) from /Users/elliotec/.rvm/gems/ruby-2.1.0/specifications/sprockets-2.10.1.gemspec
I, [2014-01-13T16:36:33.996534 #30388]  INFO -- : 0:  sprockets-rails (2.0.1) from /Users/elliotec/.rvm/gems/ruby-2.1.0/specifications/sprockets-rails-2.0.1.gemspec
I, [2014-01-13T16:36:33.996734 #30388]  INFO -- : 0:  rails (4.0.2) from /Users/elliotec/.rvm/gems/ruby-2.1.0/specifications/rails-4.0.2.gemspec
I, [2014-01-13T16:36:33.996948 #30388]  INFO -- : 0:  rdoc (4.1.1) from /Users/elliotec/.rvm/gems/ruby-2.1.0/specifications/rdoc-4.1.1.gemspec
I, [2014-01-13T16:36:33.997165 #30388]  INFO -- : 0:  sass (3.2.13) from /Users/elliotec/.rvm/gems/ruby-2.1.0/specifications/sass-3.2.13.gemspec
I, [2014-01-13T16:36:33.997385 #30388]  INFO -- : 0:  sass-rails (4.0.1) from /Users/elliotec/.rvm/gems/ruby-2.1.0/specifications/sass-rails-4.0.1.gemspec
I, [2014-01-13T16:36:33.997587 #30388]  INFO -- : 0:  sdoc (0.4.0) from /Users/elliotec/.rvm/gems/ruby-2.1.0/specifications/sdoc-0.4.0.gemspec
I, [2014-01-13T16:36:33.997788 #30388]  INFO -- : 0:  sqlite3 (1.3.8) from /Users/elliotec/.rvm/gems/ruby-2.1.0/specifications/sqlite3-1.3.8.gemspec
I, [2014-01-13T16:36:33.998006 #30388]  INFO -- : 0:  turbolinks (2.2.0) from /Users/elliotec/.rvm/gems/ruby-2.1.0/specifications/turbolinks-2.2.0.gemspec
I, [2014-01-13T16:36:33.998237 #30388]  INFO -- : 0:  uglifier (2.4.0) from /Users/elliotec/.rvm/gems/ruby-2.1.0/specifications/uglifier-2.4.0.gemspec
I, [2014-01-13T16:37:25.456921 #30398]  INFO -- : 0:  rake (10.1.1) from /Users/elliotec/.rvm/gems/ruby-2.1.0/specifications/rake-10.1.1.gemspec
I, [2014-01-13T16:37:25.457242 #30398]  INFO -- : 0:  i18n (0.6.9) from /Users/elliotec/.rvm/gems/ruby-2.1.0/specifications/i18n-0.6.9.gemspec
I, [2014-01-13T16:37:25.457491 #30398]  INFO -- : 0:  minitest (4.7.5) from /Users/elliotec/.rvm/rubies/ruby-2.1.0/lib/ruby/gems/2.1.0/specifications/default/minitest-4.7.5.gemspec
I, [2014-01-13T16:37:25.457738 #30398]  INFO -- : 0:  multi_json (1.8.4) from /Users/elliotec/.rvm/gems/ruby-2.1.0/specifications/multi_json-1.8.4.gemspec
I, [2014-01-13T16:37:25.457983 #30398]  INFO -- : 0:  atomic (1.1.14) from /Users/elliotec/.rvm/gems/ruby-2.1.0/specifications/atomic-1.1.14.gemspec
I, [2014-01-13T16:37:25.458223 #30398]  INFO -- : 0:  thread_safe (0.1.3) from /Users/elliotec/.rvm/gems/ruby-2.1.0/specifications/thread_safe-0.1.3.gemspec
I, [2014-01-13T16:37:25.458469 #30398]  INFO -- : 0:  tzinfo (0.3.38) from /Users/elliotec/.rvm/gems/ruby-2.1.0/specifications/tzinfo-0.3.38.gemspec
I, [2014-01-13T16:37:25.458717 #30398]  INFO -- : 0:  activesupport (4.0.2) from /Users/elliotec/.rvm/gems/ruby-2.1.0/specifications/activesupport-4.0.2.gemspec
I, [2014-01-13T16:37:25.458931 #30398]  INFO -- : 0:  builder (3.1.4) from /Users/elliotec/.rvm/gems/ruby-2.1.0/specifications/builder-3.1.4.gemspec
I, [2014-01-13T16:37:25.459144 #30398]  INFO -- : 0:  erubis (2.7.0) from /Users/elliotec/.rvm/gems/ruby-2.1.0/specifications/erubis-2.7.0.gemspec
I, [2014-01-13T16:37:25.459355 #30398]  INFO -- : 0:  rack (1.5.2) from /Users/elliotec/.rvm/gems/ruby-2.1.0/specifications/rack-1.5.2.gemspec
I, [2014-01-13T16:37:25.459571 #30398]  INFO -- : 0:  rack-test (0.6.2) from /Users/elliotec/.rvm/gems/ruby-2.1.0/specifications/rack-test-0.6.2.gemspec
I, [2014-01-13T16:37:25.459787 #30398]  INFO -- : 0:  actionpack (4.0.2) from /Users/elliotec/.rvm/gems/ruby-2.1.0/specifications/actionpack-4.0.2.gemspec
I, [2014-01-13T16:37:25.460009 #30398]  INFO -- : 0:  mime-types (1.25.1) from /Users/elliotec/.rvm/gems/ruby-2.1.0/specifications/mime-types-1.25.1.gemspec
I, [2014-01-13T16:37:25.460215 #30398]  INFO -- : 0:  polyglot (0.3.3) from /Users/elliotec/.rvm/gems/ruby-2.1.0/specifications/polyglot-0.3.3.gemspec
I, [2014-01-13T16:37:25.460427 #30398]  INFO -- : 0:  treetop (1.4.15) from /Users/elliotec/.rvm/gems/ruby-2.1.0/specifications/treetop-1.4.15.gemspec
I, [2014-01-13T16:37:25.460638 #30398]  INFO -- : 0:  mail (2.5.4) from /Users/elliotec/.rvm/gems/ruby-2.1.0/specifications/mail-2.5.4.gemspec
I, [2014-01-13T16:37:25.460850 #30398]  INFO -- : 0:  actionmailer (4.0.2) from /Users/elliotec/.rvm/gems/ruby-2.1.0/specifications/actionmailer-4.0.2.gemspec
I, [2014-01-13T16:37:25.461046 #30398]  INFO -- : 0:  activemodel (4.0.2) from /Users/elliotec/.rvm/gems/ruby-2.1.0/specifications/activemodel-4.0.2.gemspec
I, [2014-01-13T16:37:25.461259 #30398]  INFO -- : 0:  activerecord-deprecated_finders (1.0.3) from /Users/elliotec/.rvm/gems/ruby-2.1.0/specifications/activerecord-deprecated_finders-1.0.3.gemspec
I, [2014-01-13T16:37:25.461483 #30398]  INFO -- : 0:  arel (4.0.1) from /Users/elliotec/.rvm/gems/ruby-2.1.0/specifications/arel-4.0.1.gemspec
I, [2014-01-13T16:37:25.461730 #30398]  INFO -- : 0:  activerecord (4.0.2) from /Users/elliotec/.rvm/gems/ruby-2.1.0/specifications/activerecord-4.0.2.gemspec
I, [2014-01-13T16:37:25.461954 #30398]  INFO -- : 0:  coffee-script-source (1.6.3) from /Users/elliotec/.rvm/gems/ruby-2.1.0/specifications/coffee-script-source-1.6.3.gemspec
I, [2014-01-13T16:37:25.462173 #30398]  INFO -- : 0:  execjs (2.0.2) from /Users/elliotec/.rvm/gems/ruby-2.1.0/specifications/execjs-2.0.2.gemspec
I, [2014-01-13T16:37:25.462436 #30398]  INFO -- : 0:  coffee-script (2.2.0) from /Users/elliotec/.rvm/gems/ruby-2.1.0/specifications/coffee-script-2.2.0.gemspec
I, [2014-01-13T16:37:25.462659 #30398]  INFO -- : 0:  thor (0.18.1) from /Users/elliotec/.rvm/gems/ruby-2.1.0/specifications/thor-0.18.1.gemspec
I, [2014-01-13T16:37:25.462882 #30398]  INFO -- : 0:  railties (4.0.2) from /Users/elliotec/.rvm/gems/ruby-2.1.0/specifications/railties-4.0.2.gemspec
I, [2014-01-13T16:37:25.463096 #30398]  INFO -- : 0:  coffee-rails (4.0.1) from /Users/elliotec/.rvm/gems/ruby-2.1.0/specifications/coffee-rails-4.0.1.gemspec
I, [2014-01-13T16:37:25.463331 #30398]  INFO -- : 0:  hike (1.2.3) from /Users/elliotec/.rvm/gems/ruby-2.1.0/specifications/hike-1.2.3.gemspec
I, [2014-01-13T16:37:25.463542 #30398]  INFO -- : 0:  jbuilder (1.5.3) from /Users/elliotec/.rvm/gems/ruby-2.1.0/specifications/jbuilder-1.5.3.gemspec
I, [2014-01-13T16:37:25.463745 #30398]  INFO -- : 0:  jquery-rails (3.0.4) from /Users/elliotec/.rvm/gems/ruby-2.1.0/specifications/jquery-rails-3.0.4.gemspec
I, [2014-01-13T16:37:25.463947 #30398]  INFO -- : 0:  json (1.8.1) from /Users/elliotec/.rvm/rubies/ruby-2.1.0/lib/ruby/gems/2.1.0/specifications/default/json-1.8.1.gemspec
I, [2014-01-13T16:37:25.464144 #30398]  INFO -- : 0:  bundler (1.5.1) from /Users/elliotec/.rvm/gems/ruby-2.1.0@global/specifications/bundler-1.5.1.gemspec
I, [2014-01-13T16:37:25.464359 #30398]  INFO -- : 0:  tilt (1.4.1) from /Users/elliotec/.rvm/gems/ruby-2.1.0/specifications/tilt-1.4.1.gemspec
I, [2014-01-13T16:37:25.464566 #30398]  INFO -- : 0:  sprockets (2.10.1) from /Users/elliotec/.rvm/gems/ruby-2.1.0/specifications/sprockets-2.10.1.gemspec
I, [2014-01-13T16:37:25.464781 #30398]  INFO -- : 0:  sprockets-rails (2.0.1) from /Users/elliotec/.rvm/gems/ruby-2.1.0/specifications/sprockets-rails-2.0.1.gemspec
I, [2014-01-13T16:37:25.464984 #30398]  INFO -- : 0:  rails (4.0.2) from /Users/elliotec/.rvm/gems/ruby-2.1.0/specifications/rails-4.0.2.gemspec
I, [2014-01-13T16:37:25.465205 #30398]  INFO -- : 0:  rdoc (4.1.1) from /Users/elliotec/.rvm/gems/ruby-2.1.0/specifications/rdoc-4.1.1.gemspec
I, [2014-01-13T16:37:25.465425 #30398]  INFO -- : 0:  sass (3.2.13) from /Users/elliotec/.rvm/gems/ruby-2.1.0/specifications/sass-3.2.13.gemspec
I, [2014-01-13T16:37:25.465646 #30398]  INFO -- : 0:  sass-rails (4.0.1) from /Users/elliotec/.rvm/gems/ruby-2.1.0/specifications/sass-rails-4.0.1.gemspec
I, [2014-01-13T16:37:25.465862 #30398]  INFO -- : 0:  sdoc (0.4.0) from /Users/elliotec/.rvm/gems/ruby-2.1.0/specifications/sdoc-0.4.0.gemspec
I, [2014-01-13T16:37:25.466065 #30398]  INFO -- : 0:  sqlite3 (1.3.8) from /Users/elliotec/.rvm/gems/ruby-2.1.0/specifications/sqlite3-1.3.8.gemspec
I, [2014-01-13T16:37:25.466272 #30398]  INFO -- : 0:  turbolinks (2.2.0) from /Users/elliotec/.rvm/gems/ruby-2.1.0/specifications/turbolinks-2.2.0.gemspec
I, [2014-01-13T16:37:25.466567 #30398]  INFO -- : 0:  uglifier (2.4.0) from /Users/elliotec/.rvm/gems/ruby-2.1.0/specifications/uglifier-2.4.0.gemspec
